<?xml version="1.0" encoding="UTF-8"?>
<testsuite name="quip.command.UnmarkCommandTest" tests="2" skipped="0" failures="0" errors="0" timestamp="2025-02-15T12:24:43" hostname="Johns-MacBook-Pro-3.local" time="0.001">
  <properties/>
  <testcase name="executeValidIndexUnmarksTask()" classname="quip.command.UnmarkCommandTest" time="0.001"/>
  <testcase name="executeInvalidIndexThrowsException()" classname="quip.command.UnmarkCommandTest" time="0.0"/>
  <system-out><![CDATA[_____________________________________________________________
Let's pretend that task wasn't done yet: [T][ ] test task
_____________________________________________________________
]]></system-out>
  <system-err><![CDATA[]]></system-err>
</testsuite>
