<?xml version="1.0" encoding="UTF-8"?>
<testsuite name="quip.parser.ParserTest" tests="14" skipped="0" failures="0" errors="0" timestamp="2025-02-14T12:59:52" hostname="Johns-MacBook-Pro-3.local" time="0.008">
  <properties/>
  <testcase name="parseEmptyTodoCommandThrowsException()" classname="quip.parser.ParserTest" time="0.001"/>
  <testcase name="parseEventCommandReturnsAddEventCommand()" classname="quip.parser.ParserTest" time="0.0"/>
  <testcase name="parseTodoCommandReturnsAddTodoCommand()" classname="quip.parser.ParserTest" time="0.001"/>
  <testcase name="parseInvalidCommandThrowsException()" classname="quip.parser.ParserTest" time="0.0"/>
  <testcase name="parseListCommandReturnsListCommand()" classname="quip.parser.ParserTest" time="0.0"/>
  <testcase name="parseInvalidDeadlineFormatThrowsException()" classname="quip.parser.ParserTest" time="0.0"/>
  <testcase name="parseMarkCommandReturnsMarkCommand()" classname="quip.parser.ParserTest" time="0.0"/>
  <testcase name="parseUnmarkCommandReturnsUnmarkCommand()" classname="quip.parser.ParserTest" time="0.0"/>
  <testcase name="parseInvalidEventFormatThrowsException()" classname="quip.parser.ParserTest" time="0.0"/>
  <testcase name="parseExitCommandReturnsExitCommand()" classname="quip.parser.ParserTest" time="0.0"/>
  <testcase name="parseDeadlineCommandReturnsAddDeadlineCommand()" classname="quip.parser.ParserTest" time="0.0"/>
  <testcase name="parseListDateCommandReturnsListDateCommand()" classname="quip.parser.ParserTest" time="0.0"/>
  <testcase name="parseDeleteCommandReturnsDeleteCommand()" classname="quip.parser.ParserTest" time="0.0"/>
  <testcase name="parseInvalidDeleteIndexThrowsException()" classname="quip.parser.ParserTest" time="0.0"/>
  <system-out><![CDATA[]]></system-out>
  <system-err><![CDATA[]]></system-err>
</testsuite>
