<?xml version="1.0" encoding="UTF-8"?>
<testsuite name="quip.task.TaskTest" tests="3" skipped="0" failures="0" errors="0" timestamp="2025-02-15T12:24:44" hostname="Johns-MacBook-Pro-3.local" time="0.001">
  <properties/>
  <testcase name="markAsUndoneMarkedTaskUnmarksCorrectly()" classname="quip.task.TaskTest" time="0.0"/>
  <testcase name="markAsDoneUnmarkedTaskMarksCorrectly()" classname="quip.task.TaskTest" time="0.0"/>
  <testcase name="toStringFormatsCorrectly()" classname="quip.task.TaskTest" time="0.0"/>
  <system-out><![CDATA[]]></system-out>
  <system-err><![CDATA[]]></system-err>
</testsuite>
