<?xml version="1.0" encoding="UTF-8"?>
<testsuite name="quip.command.MarkCommandTest" tests="2" skipped="0" failures="0" errors="0" timestamp="2025-02-02T07:08:14" hostname="Johns-MacBook-Pro-3.local" time="0.001">
  <properties/>
  <testcase name="execute_invalidIndex_throwsException()" classname="quip.command.MarkCommandTest" time="0.0"/>
  <testcase name="execute_validIndex_marksTask()" classname="quip.command.MarkCommandTest" time="0.001"/>
  <system-out><![CDATA[_____________________________________________________________
Another one bites the dust: [T][X] test task
_____________________________________________________________
]]></system-out>
  <system-err><![CDATA[]]></system-err>
</testsuite>
