<?xml version="1.0" encoding="UTF-8"?>
<testsuite name="quip.task.TaskListTest" tests="5" skipped="0" failures="0" errors="0" timestamp="2025-02-15T12:24:44" hostname="Johns-MacBook-Pro-3.local" time="0.008">
  <properties/>
  <testcase name="markTaskValidIndexMarksTask()" classname="quip.task.TaskListTest" time="0.0"/>
  <testcase name="getTasksOnDateInvalidFormatThrowsException()" classname="quip.task.TaskListTest" time="0.0"/>
  <testcase name="deleteTaskValidIndexRemovesTask()" classname="quip.task.TaskListTest" time="0.001"/>
  <testcase name="getTasksOnDateMatchingDateReturnsCorrectTasks()" classname="quip.task.TaskListTest" time="0.003"/>
  <testcase name="addTaskValidTaskAddsSuccessfully()" classname="quip.task.TaskListTest" time="0.0"/>
  <system-out><![CDATA[]]></system-out>
  <system-err><![CDATA[]]></system-err>
</testsuite>
