<?xml version="1.0" encoding="UTF-8"?>
<testsuite name="quip.parser.ParserTest" tests="14" skipped="0" failures="0" errors="0" timestamp="2025-02-02T07:08:14" hostname="Johns-MacBook-Pro-3.local" time="0.005">
  <properties/>
  <testcase name="parse_deadlineCommand_returnsAddDeadlineCommand()" classname="quip.parser.ParserTest" time="0.001"/>
  <testcase name="parse_eventCommand_returnsAddEventCommand()" classname="quip.parser.ParserTest" time="0.0"/>
  <testcase name="parse_exitCommand_returnsExitCommand()" classname="quip.parser.ParserTest" time="0.0"/>
  <testcase name="parse_markCommand_returnsMarkCommand()" classname="quip.parser.ParserTest" time="0.0"/>
  <testcase name="parse_unmarkCommand_returnsUnmarkCommand()" classname="quip.parser.ParserTest" time="0.0"/>
  <testcase name="parse_invalidDeleteIndex_throwsException()" classname="quip.parser.ParserTest" time="0.0"/>
  <testcase name="parse_emptyTodoCommand_throwsException()" classname="quip.parser.ParserTest" time="0.001"/>
  <testcase name="parse_deleteCommand_returnsDeleteCommand()" classname="quip.parser.ParserTest" time="0.0"/>
  <testcase name="parse_listDateCommand_returnsListDateCommand()" classname="quip.parser.ParserTest" time="0.0"/>
  <testcase name="parse_invalidDeadlineFormat_throwsException()" classname="quip.parser.ParserTest" time="0.0"/>
  <testcase name="parse_listCommand_returnsListCommand()" classname="quip.parser.ParserTest" time="0.0"/>
  <testcase name="parse_todoCommand_returnsAddTodoCommand()" classname="quip.parser.ParserTest" time="0.0"/>
  <testcase name="parse_invalidCommand_throwsException()" classname="quip.parser.ParserTest" time="0.0"/>
  <testcase name="parse_invalidEventFormat_throwsException()" classname="quip.parser.ParserTest" time="0.0"/>
  <system-out><![CDATA[]]></system-out>
  <system-err><![CDATA[]]></system-err>
</testsuite>
