<?xml version="1.0" encoding="UTF-8"?>
<testsuite name="quip.storage.StorageTest" tests="5" skipped="0" failures="0" errors="0" timestamp="2025-02-02T07:08:14" hostname="Johns-MacBook-Pro-3.local" time="0.006">
  <properties/>
  <testcase name="load_invalidFormat_throwsException()" classname="quip.storage.StorageTest" time="0.003"/>
  <testcase name="save_multipleTaskTypes_savesCorrectly()" classname="quip.storage.StorageTest" time="0.001"/>
  <testcase name="load_newStorage_returnsEmptyList()" classname="quip.storage.StorageTest" time="0.001"/>
  <testcase name="save_markedTasks_preservesStatus()" classname="quip.storage.StorageTest" time="0.0"/>
  <testcase name="load_invalidTaskType_throwsException()" classname="quip.storage.StorageTest" time="0.0"/>
  <system-out><![CDATA[]]></system-out>
  <system-err><![CDATA[]]></system-err>
</testsuite>
