<?xml version="1.0" encoding="UTF-8"?>
<testsuite name="quip.task.DeadlineTest" tests="3" skipped="0" failures="0" errors="0" timestamp="2025-02-02T07:08:14" hostname="Johns-MacBook-Pro-3.local" time="0.001">
  <properties/>
  <testcase name="constructor_invalidDateTime_throwsException()" classname="quip.task.DeadlineTest" time="0.0"/>
  <testcase name="constructor_validDateTime_createsDeadline()" classname="quip.task.DeadlineTest" time="0.001"/>
  <testcase name="getDeadline_returnsCorrectFormat()" classname="quip.task.DeadlineTest" time="0.0"/>
  <system-out><![CDATA[]]></system-out>
  <system-err><![CDATA[]]></system-err>
</testsuite>
