<?xml version="1.0" encoding="UTF-8"?>
<testsuite name="quip.command.ExitCommandTest" tests="1" skipped="0" failures="0" errors="0" timestamp="2025-02-14T13:03:25" hostname="Johns-MacBook-Pro-3.local" time="0.001">
  <properties/>
  <testcase name="isExitReturnsTrue()" classname="quip.command.ExitCommandTest" time="0.001"/>
  <system-out><![CDATA[]]></system-out>
  <system-err><![CDATA[]]></system-err>
</testsuite>
